<?xml version="1.0" encoding="UTF-8"?>
<testng-results skipped="0" failed="0" total="1" passed="1">
  <reporter-output>
  </reporter-output>
  <suite name="Surefire suite" duration-ms="31219" started-at="2018-12-28T16:55:41Z" finished-at="2018-12-28T16:56:12Z">
    <groups>
      <group name="cucumber">
        <method signature="AbstractTestNGCucumberTests.feature(cucumber.api.testng.CucumberFeatureWrapper)[pri:0, instance:com.googleproject.MoneseFramework.runner.MainRunnerSuite@6615435c]" name="feature" class="cucumber.api.testng.AbstractTestNGCucumberTests"/>
      </group> <!-- cucumber -->
    </groups>
    <test name="Surefire test" duration-ms="31219" started-at="2018-12-28T16:55:41Z" finished-at="2018-12-28T16:56:12Z">
      <class name="com.googleproject.MoneseFramework.runner.MainRunnerSuite">
        <test-method status="PASS" signature="setUpClass()[pri:0, instance:com.googleproject.MoneseFramework.runner.MainRunnerSuite@6615435c]" name="setUpClass" is-config="true" duration-ms="127" started-at="2018-12-28T16:55:41Z" finished-at="2018-12-28T16:55:41Z">
          <reporter-output>
          </reporter-output>
        </test-method> <!-- setUpClass -->
        <test-method status="PASS" signature="feature(cucumber.api.testng.CucumberFeatureWrapper)[pri:0, instance:com.googleproject.MoneseFramework.runner.MainRunnerSuite@6615435c]" name="feature" duration-ms="30824" started-at="2018-12-28T16:55:41Z" description="Runs Cucumber Feature" data-provider="features" finished-at="2018-12-28T16:56:12Z">
          <params>
            <param index="0">
              <value>
                <![CDATA[Home Page is displayed]]>
              </value>
            </param>
          </params>
          <reporter-output>
          </reporter-output>
        </test-method> <!-- feature -->
        <test-method status="PASS" signature="tearDownClass()[pri:0, instance:com.googleproject.MoneseFramework.runner.MainRunnerSuite@6615435c]" name="tearDownClass" is-config="true" duration-ms="217" started-at="2018-12-28T16:56:12Z" finished-at="2018-12-28T16:56:12Z">
          <reporter-output>
          </reporter-output>
        </test-method> <!-- tearDownClass -->
      </class> <!-- com.googleproject.MoneseFramework.runner.MainRunnerSuite -->
    </test> <!-- Surefire test -->
  </suite> <!-- Surefire suite -->
</testng-results>
